[0m00:53:58.318436 [debug] [MainThread]: Sending event: {'category': 'dbt', 'action': 'invocation', 'label': 'start', 'context': [<snowplow_tracker.self_describing_json.SelfDescribingJson object at 0x7effbd829050>, <snowplow_tracker.self_describing_json.SelfDescribingJson object at 0x7effbcd6c7d0>, <snowplow_tracker.self_describing_json.SelfDescribingJson object at 0x7effbcd6e5d0>]}


============================== 00:53:58.321296 | 6cb9192d-b120-47b5-81aa-fe8249fe1610 ==============================
[0m00:53:58.321296 [info ] [MainThread]: Running with dbt=1.6.0
[0m00:53:58.321869 [debug] [MainThread]: running dbt with arguments {'printer_width': '80', 'indirect_selection': 'eager', 'write_json': 'True', 'log_cache_events': 'False', 'partial_parse': 'True', 'cache_selected_only': 'False', 'warn_error': 'None', 'debug': 'False', 'version_check': 'True', 'log_path': 'logs', 'profiles_dir': '/workspace/dbt-test-postgres', 'fail_fast': 'False', 'use_colors': 'True', 'use_experimental_parser': 'False', 'no_print': 'None', 'quiet': 'False', 'warn_error_options': 'WarnErrorOptions(include=[], exclude=[])', 'invocation_command': 'dbt init', 'log_format': 'default', 'static_parser': 'True', 'target_path': 'None', 'introspect': 'True', 'send_anonymous_usage_stats': 'True'}
[0m00:56:10.127403 [debug] [MainThread]: Starter project path: /workspace/.pyenv_mirror/user/current/lib/python3.11/site-packages/dbt/include/starter_project
[0m00:56:10.130384 [info ] [MainThread]: 
Your new dbt project "dbtteste" was created!

For more information on how to configure the profiles.yml file,
please consult the dbt documentation here:

  https://docs.getdbt.com/docs/configure-your-profile

One more thing:

Need help? Don't hesitate to reach out to us via GitHub issues or on Slack:

  https://community.getdbt.com/

Happy modeling!

[0m00:56:10.130904 [info ] [MainThread]: Setting up your profile.
[0m00:56:13.774842 [debug] [MainThread]: Command `dbt init` succeeded at 00:56:13.774675 after 135.46 seconds
[0m00:56:13.775350 [debug] [MainThread]: Sending event: {'category': 'dbt', 'action': 'invocation', 'label': 'end', 'context': [<snowplow_tracker.self_describing_json.SelfDescribingJson object at 0x7effbd828f10>, <snowplow_tracker.self_describing_json.SelfDescribingJson object at 0x7effc12992d0>, <snowplow_tracker.self_describing_json.SelfDescribingJson object at 0x7effc1299190>]}
[0m00:56:13.775827 [debug] [MainThread]: Flushing usage events
[0m00:58:01.704975 [debug] [MainThread]: Sending event: {'category': 'dbt', 'action': 'invocation', 'label': 'start', 'context': [<snowplow_tracker.self_describing_json.SelfDescribingJson object at 0x7ffa0d16a510>, <snowplow_tracker.self_describing_json.SelfDescribingJson object at 0x7ffa0d16a890>, <snowplow_tracker.self_describing_json.SelfDescribingJson object at 0x7ffa0d16a850>]}


============================== 00:58:01.707490 | c981c42c-4369-4f3d-b3a6-f326cf088f8a ==============================
[0m00:58:01.707490 [info ] [MainThread]: Running with dbt=1.6.0
[0m00:58:01.708178 [debug] [MainThread]: running dbt with arguments {'printer_width': '80', 'indirect_selection': 'eager', 'write_json': 'True', 'log_cache_events': 'False', 'partial_parse': 'True', 'cache_selected_only': 'False', 'warn_error': 'None', 'version_check': 'True', 'fail_fast': 'False', 'log_path': 'logs', 'profiles_dir': '/workspace/dbt-test-postgres', 'debug': 'False', 'use_colors': 'True', 'use_experimental_parser': 'False', 'no_print': 'None', 'quiet': 'False', 'warn_error_options': 'WarnErrorOptions(include=[], exclude=[])', 'invocation_command': 'dbt debug', 'log_format': 'default', 'introspect': 'True', 'target_path': 'None', 'static_parser': 'True', 'send_anonymous_usage_stats': 'True'}
[0m00:58:01.708788 [info ] [MainThread]: dbt version: 1.6.0
[0m00:58:01.709226 [info ] [MainThread]: python version: 3.11.1
[0m00:58:01.709684 [info ] [MainThread]: python path: /home/gitpod/.pyenv/versions/3.11.1/bin/python3
[0m00:58:01.710061 [info ] [MainThread]: os info: Linux-6.1.27-060127-generic-x86_64-with-glibc2.35
[0m00:58:01.749070 [info ] [MainThread]: Using profiles dir at /workspace/dbt-test-postgres
[0m00:58:01.749609 [info ] [MainThread]: Using profiles.yml file at /workspace/dbt-test-postgres/profiles.yml
[0m00:58:01.749995 [info ] [MainThread]: Using dbt_project.yml file at /workspace/dbt-test-postgres/dbt_project.yml
[0m00:58:01.750509 [error] [MainThread]: Encountered an error:
Internal Error
  Profile should not be None if loading profile completed
[0m00:58:01.751086 [debug] [MainThread]: Command `dbt debug` failed at 00:58:01.750984 after 0.05 seconds
[0m00:58:01.751494 [debug] [MainThread]: Sending event: {'category': 'dbt', 'action': 'invocation', 'label': 'end', 'context': [<snowplow_tracker.self_describing_json.SelfDescribingJson object at 0x7ffa0d17ef50>, <snowplow_tracker.self_describing_json.SelfDescribingJson object at 0x7ffa0ee642d0>, <snowplow_tracker.self_describing_json.SelfDescribingJson object at 0x7ffa11546f10>]}
[0m00:58:01.751916 [debug] [MainThread]: Flushing usage events
[0m00:59:58.075823 [debug] [MainThread]: Sending event: {'category': 'dbt', 'action': 'invocation', 'label': 'start', 'context': [<snowplow_tracker.self_describing_json.SelfDescribingJson object at 0x7f6ea316a090>, <snowplow_tracker.self_describing_json.SelfDescribingJson object at 0x7f6ea315b2d0>, <snowplow_tracker.self_describing_json.SelfDescribingJson object at 0x7f6ea739ecd0>]}


============================== 00:59:58.078370 | ffa03b5c-b2fe-4c2b-ad27-28185e5aa8c0 ==============================
[0m00:59:58.078370 [info ] [MainThread]: Running with dbt=1.6.0
[0m00:59:58.079026 [debug] [MainThread]: running dbt with arguments {'printer_width': '80', 'indirect_selection': 'eager', 'write_json': 'True', 'log_cache_events': 'False', 'partial_parse': 'True', 'cache_selected_only': 'False', 'warn_error': 'None', 'debug': 'False', 'profiles_dir': '/workspace/dbt-test-postgres', 'log_path': 'logs', 'version_check': 'True', 'fail_fast': 'False', 'use_colors': 'True', 'use_experimental_parser': 'False', 'no_print': 'None', 'quiet': 'False', 'log_format': 'default', 'invocation_command': 'dbt debug', 'introspect': 'True', 'static_parser': 'True', 'target_path': 'None', 'warn_error_options': 'WarnErrorOptions(include=[], exclude=[])', 'send_anonymous_usage_stats': 'True'}
[0m00:59:58.079667 [info ] [MainThread]: dbt version: 1.6.0
[0m00:59:58.080153 [info ] [MainThread]: python version: 3.11.1
[0m00:59:58.080658 [info ] [MainThread]: python path: /home/gitpod/.pyenv/versions/3.11.1/bin/python3
[0m00:59:58.081093 [info ] [MainThread]: os info: Linux-6.1.27-060127-generic-x86_64-with-glibc2.35
[0m00:59:58.119113 [info ] [MainThread]: Using profiles dir at /workspace/dbt-test-postgres
[0m00:59:58.119654 [info ] [MainThread]: Using profiles.yml file at /workspace/dbt-test-postgres/profiles.yml
[0m00:59:58.120067 [info ] [MainThread]: Using dbt_project.yml file at /workspace/dbt-test-postgres/dbt_project.yml
[0m00:59:58.120632 [info ] [MainThread]: adapter type: postgres
[0m00:59:58.121052 [info ] [MainThread]: adapter version: 1.6.0
[0m00:59:58.121467 [info ] [MainThread]: Configuration:
[0m00:59:58.121905 [info ] [MainThread]:   profiles.yml file [[32mOK found and valid[0m]
[0m00:59:58.122267 [info ] [MainThread]:   dbt_project.yml file [[31mERROR not found[0m]
[0m00:59:58.122688 [info ] [MainThread]: Required dependencies:
[0m00:59:58.123070 [debug] [MainThread]: Executing "git --help"
[0m00:59:58.124797 [debug] [MainThread]: STDOUT: "b"usage: git [-v | --version] [-h | --help] [-C <path>] [-c <name>=<value>]\n           [--exec-path[=<path>]] [--html-path] [--man-path] [--info-path]\n           [-p | --paginate | -P | --no-pager] [--no-replace-objects] [--bare]\n           [--git-dir=<path>] [--work-tree=<path>] [--namespace=<name>]\n           [--config-env=<name>=<envvar>] <command> [<args>]\n\nThese are common Git commands used in various situations:\n\nstart a working area (see also: git help tutorial)\n   clone     Clone a repository into a new directory\n   init      Create an empty Git repository or reinitialize an existing one\n\nwork on the current change (see also: git help everyday)\n   add       Add file contents to the index\n   mv        Move or rename a file, a directory, or a symlink\n   restore   Restore working tree files\n   rm        Remove files from the working tree and from the index\n\nexamine the history and state (see also: git help revisions)\n   bisect    Use binary search to find the commit that introduced a bug\n   diff      Show changes between commits, commit and working tree, etc\n   grep      Print lines matching a pattern\n   log       Show commit logs\n   show      Show various types of objects\n   status    Show the working tree status\n\ngrow, mark and tweak your common history\n   branch    List, create, or delete branches\n   commit    Record changes to the repository\n   merge     Join two or more development histories together\n   rebase    Reapply commits on top of another base tip\n   reset     Reset current HEAD to the specified state\n   switch    Switch branches\n   tag       Create, list, delete or verify a tag object signed with GPG\n\ncollaborate (see also: git help workflows)\n   fetch     Download objects and refs from another repository\n   pull      Fetch from and integrate with another repository or a local branch\n   push      Update remote refs along with associated objects\n\n'git help -a' and 'git help -g' list available subcommands and some\nconcept guides. See 'git help <command>' or 'git help <concept>'\nto read about a specific subcommand or concept.\nSee 'git help git' for an overview of the system.\n""
[0m00:59:58.125230 [debug] [MainThread]: STDERR: "b''"
[0m00:59:58.125593 [info ] [MainThread]:  - git [[32mOK found[0m]

[0m00:59:58.125974 [info ] [MainThread]: Connection:
[0m00:59:58.126349 [info ] [MainThread]:   host: localhost
[0m00:59:58.126781 [info ] [MainThread]:   port: 5432
[0m00:59:58.127150 [info ] [MainThread]:   user: root
[0m00:59:58.127564 [info ] [MainThread]:   database: test_db
[0m00:59:58.127950 [info ] [MainThread]:   schema: dbt
[0m00:59:58.128334 [info ] [MainThread]:   connect_timeout: 10
[0m00:59:58.128723 [info ] [MainThread]:   role: None
[0m00:59:58.129105 [info ] [MainThread]:   search_path: None
[0m00:59:58.129491 [info ] [MainThread]:   keepalives_idle: 0
[0m00:59:58.129899 [info ] [MainThread]:   sslmode: None
[0m00:59:58.130253 [info ] [MainThread]:   sslcert: None
[0m00:59:58.130660 [info ] [MainThread]:   sslkey: None
[0m00:59:58.131022 [info ] [MainThread]:   sslrootcert: None
[0m00:59:58.131382 [info ] [MainThread]:   application_name: dbt
[0m00:59:58.131748 [info ] [MainThread]:   retries: 1
[0m00:59:58.132149 [info ] [MainThread]: Registered adapter: postgres=1.6.0
[0m00:59:58.132702 [debug] [MainThread]: Acquiring new postgres connection 'debug'
[0m00:59:58.133076 [debug] [MainThread]: Using postgres connection "debug"
[0m00:59:58.133431 [debug] [MainThread]: On debug: select 1 as id
[0m00:59:58.133784 [debug] [MainThread]: Opening a new connection, currently in state init
[0m00:59:58.142795 [debug] [MainThread]: SQL status: SELECT 1 in 0.0 seconds
[0m00:59:58.143686 [debug] [MainThread]: On debug: Close
[0m00:59:58.144098 [info ] [MainThread]:   Connection test: [[32mOK connection ok[0m]

[0m00:59:58.144486 [info ] [MainThread]: [31m1 check failed:[0m
[0m00:59:58.144903 [info ] [MainThread]: Project loading failed for the following reason:
 project path </workspace/dbt-test-postgres/dbt_project.yml> not found

[0m00:59:58.145493 [debug] [MainThread]: Command `dbt debug` failed at 00:59:58.145372 after 0.08 seconds
[0m00:59:58.145919 [debug] [MainThread]: Connection 'debug' was properly closed.
[0m00:59:58.146308 [debug] [MainThread]: Sending event: {'category': 'dbt', 'action': 'invocation', 'label': 'end', 'context': [<snowplow_tracker.self_describing_json.SelfDescribingJson object at 0x7f6ea75d3050>, <snowplow_tracker.self_describing_json.SelfDescribingJson object at 0x7f6ea75d2f10>, <snowplow_tracker.self_describing_json.SelfDescribingJson object at 0x7f6ea32eba10>]}
[0m00:59:58.146798 [debug] [MainThread]: Flushing usage events
